04:35:27 PM:DEBUG [logger_base.py:15] Mensaje a nivel debug
04:35:27 PM:INFO [logger_base.py:16] Mensaje a nivel info
04:35:27 PM:WARNING [logger_base.py:17] Mensaje a nivel warning
04:35:27 PM:ERROR [logger_base.py:18] Mensaje a nivel error
04:35:27 PM:CRITICAL [logger_base.py:19] Mensaje a nivel critical
05:01:33 PM:DEBUG [Persona.py:54] 
      ID Persona: jperez@mail.com
      Nombre: 1
      Apellido: Juan
      Email: Perez
    
05:03:00 PM:DEBUG [Persona.py:54] 
      ID Persona: jperez@mail.com
      Nombre: 1
      Apellido: Juan
      Email: Perez
    
05:10:53 PM:DEBUG [Persona.py:54] 
      ID Persona: 1
      Nombre: Juan
      Apellido: Perez
      Email: jperez@mail.com
    
05:10:53 PM:DEBUG [Persona.py:56] 
      ID Persona: None
      Nombre: Jose
      Apellido: Lepez
      Email: ljose@mail.com
    
05:11:58 PM:DEBUG [Persona.py:54] 
      ID Persona: 1
      Nombre: Juan
      Apellido: Perez
      Email: jperez@mail.com
    
05:11:58 PM:DEBUG [Persona.py:56] 
      ID Persona: None
      Nombre: Jose
      Apellido: Lepez
      Email: ljose@mail.com
    
05:11:58 PM:DEBUG [Persona.py:58] 
      ID Persona: 1
      Nombre: None
      Apellido: None
      Email: None
    
05:25:13 PM:DEBUG [conexion.py:25] Conexión Exitosa: <connection object at 0x0000018B282528A0; dsn: 'user=agus_postgre password=xxx dbname=test_bd host=127.0.0.1 port=5432', closed: 0>
05:27:02 PM:ERROR [conexion.py:28] Ocurrio un error: connection to server at "127.0.0.1", port 5432 failed: FATAL:  password authentication failed for user "agus_postgres"

05:28:13 PM:DEBUG [conexion.py:25] Conexión Exitosa: <connection object at 0x0000021AA5C628A0; dsn: 'user=agus_postgre password=xxx dbname=test_bd host=127.0.0.1 port=5432', closed: 0>
05:28:13 PM:DEBUG [conexion.py:38] Se abrió correctamente el cursor: <cursor object at 0x0000021AA7AC3E60; closed: 0>
08:53:08 PM:DEBUG [conexion.py:25] Conexión Exitosa: <connection object at 0x000001C2C86F2DF0; dsn: 'user=agus_postgre password=xxx dbname=test_bd host=127.0.0.1 port=5432', closed: 0>
08:53:08 PM:DEBUG [conexion.py:38] Se abrió correctamente el cursor: <cursor object at 0x000001C2CA63DC40; closed: 0>
08:53:08 PM:DEBUG [persona_dao.py:35] 
      ID Persona: 2
      Nombre: Carla
      Apellido: Gomez
      Email: kgomez@mail.com
    
08:53:08 PM:DEBUG [persona_dao.py:35] 
      ID Persona: 10
      Nombre: Marcelo
      Apellido: Cuenca
      Email: cuencam@mail.com
    
08:53:08 PM:DEBUG [persona_dao.py:35] 
      ID Persona: 9
      Nombre: Marcos
      Apellido: Canto
      Email: mcanto@mail.com
    
08:53:08 PM:DEBUG [persona_dao.py:35] 
      ID Persona: 8
      Nombre: Carlos
      Apellido: Lara
      Email: clara@mail.com
    
08:53:08 PM:DEBUG [persona_dao.py:35] 
      ID Persona: 12
      Nombre: María
      Apellido: Esparza
      Email: mesparza@mail.com
    
08:53:08 PM:DEBUG [persona_dao.py:35] 
      ID Persona: 13
      Nombre: Carlos
      Apellido: Lara
      Email: clara@mail.com
    
08:53:08 PM:DEBUG [persona_dao.py:35] 
      ID Persona: 16
      Nombre: Alex
      Apellido: Rojas
      Email: arojas@mail.com
    
08:53:08 PM:DEBUG [persona_dao.py:35] 
      ID Persona: 17
      Nombre: Agustin
      Apellido: Gonzalez
      Email: agonzalez@email.com
    
08:53:08 PM:DEBUG [persona_dao.py:35] 
      ID Persona: 1
      Nombre: Don Ramon
      Apellido: Baldez
      Email: drbaldez@email.com
    
09:02:36 PM:DEBUG [conexion.py:25] Conexión Exitosa: <connection object at 0x000001DBA7252DF0; dsn: 'user=agus_postgre password=xxx dbname=test_bd host=127.0.0.1 port=5432', closed: 0>
09:02:36 PM:DEBUG [conexion.py:38] Se abrió correctamente el cursor: <cursor object at 0x000001DBA944DC40; closed: 0>
09:02:36 PM:DEBUG [persona_dao.py:38] Persona Insertada: 
      ID Persona: None
      Nombre: Pedro
      Apellido: Romero
      Email: promero@mail.com
    
09:02:36 PM:DEBUG [persona_dao.py:46] Personas insertadas: 1
09:04:52 PM:DEBUG [conexion.py:25] Conexión Exitosa: <connection object at 0x000001BDE7622DF0; dsn: 'user=agus_postgre password=xxx dbname=test_bd host=127.0.0.1 port=5432', closed: 0>
09:04:52 PM:DEBUG [conexion.py:38] Se abrió correctamente el cursor: <cursor object at 0x000001BDE957DB60; closed: 0>
09:04:52 PM:DEBUG [persona_dao.py:38] Persona Insertada: 
      ID Persona: None
      Nombre: Homero
      Apellido: Ramos
      Email: omeror@mail.com
    
09:04:52 PM:DEBUG [persona_dao.py:46] Personas insertadas: 1
09:09:25 PM:DEBUG [conexion.py:25] Conexión Exitosa: <connection object at 0x00000240D6672DF0; dsn: 'user=agus_postgre password=xxx dbname=test_bd host=127.0.0.1 port=5432', closed: 0>
09:09:25 PM:DEBUG [conexion.py:38] Se abrió correctamente el cursor: <cursor object at 0x00000240D8561B60; closed: 0>
09:10:12 PM:DEBUG [conexion.py:25] Conexión Exitosa: <connection object at 0x00000209B7AA2DF0; dsn: 'user=agus_postgre password=xxx dbname=test_bd host=127.0.0.1 port=5432', closed: 0>
09:10:12 PM:DEBUG [conexion.py:38] Se abrió correctamente el cursor: <cursor object at 0x00000209B9DC1B60; closed: 0>
09:10:32 PM:DEBUG [conexion.py:25] Conexión Exitosa: <connection object at 0x0000021E00C52DF0; dsn: 'user=agus_postgre password=xxx dbname=test_bd host=127.0.0.1 port=5432', closed: 0>
09:10:32 PM:DEBUG [conexion.py:38] Se abrió correctamente el cursor: <cursor object at 0x0000021E02BB1B60; closed: 0>
09:10:48 PM:DEBUG [conexion.py:25] Conexión Exitosa: <connection object at 0x0000023888612DF0; dsn: 'user=agus_postgre password=xxx dbname=test_bd host=127.0.0.1 port=5432', closed: 0>
09:10:48 PM:DEBUG [conexion.py:38] Se abrió correctamente el cursor: <cursor object at 0x000002388A521B60; closed: 0>
09:10:48 PM:DEBUG [persona_dao.py:47] Persona actualizada: 
      ID Persona: 1
      Nombre: Juan José
      Apellido: Pena
      Email: jjpena@email.com
    
09:10:48 PM:DEBUG [persona_dao.py:54] Personas actualizadas: 1
